Building DAG of jobs...
Provided cores: 1
Rules claiming more threads will be scaled down.
Job counts:
	count	jobs
	1	Blast_GeneID
	1	all
	2

rule Blast_GeneID:
    input: Documents/Gene_ID.csv
    output: Documents/Blast_data.txt
    jobid: 1

Error in rule Blast_GeneID:
    jobid: 1
    output: Documents/Blast_data.txt

RuleException:
CalledProcessError in line 12 of /home/ruben/snakemake-project/Snakefile:
Command ' set -euo pipefail;  /usr/bin/python3 /home/ruben/snakemake-project/scripts/.snakemake.xkc5smw0.ID_Blast.py ' returned non-zero exit status 1.
  File "/home/ruben/snakemake-project/Snakefile", line 12, in __rule_Blast_GeneID
  File "/usr/lib/python3.6/concurrent/futures/thread.py", line 56, in run
Will exit after finishing currently running jobs.
Exiting because a job execution failed. Look above for error message
Complete log: .snakemake/log/2018-05-31T152917.399678.snakemake.log
